[19-Aug-2021 19:08:41 UTC] PHP Warning:  Failed loading Zend extension 'php_opcache.dll' (tried: C:/Users/teres/AppData/Local/Programs/Local/resources/extraResources/lightning-services/php-7.3.5+10/bin/win64/ext\php_opcache.dll (The specified module could not be found.), C:/Users/teres/AppData/Local/Programs/Local/resources/extraResources/lightning-services/php-7.3.5+10/bin/win64/ext\php_php_opcache.dll.dll (The specified module could not be found.)) in Unknown on line 0
[19-Aug-2021 19:08:41 UTC] PHP Warning:  Failed loading Zend extension 'php_xdebug.dll' (tried: C:/Users/teres/AppData/Local/Programs/Local/resources/extraResources/lightning-services/php-7.3.5+10/bin/win64/ext\php_xdebug.dll (The specified module could not be found.), C:/Users/teres/AppData/Local/Programs/Local/resources/extraResources/lightning-services/php-7.3.5+10/bin/win64/ext\php_php_xdebug.dll.dll (The specified module could not be found.)) in Unknown on line 0
[19-Aug-2021 19:08:41 UTC] PHP Warning:  PHP Startup: Unable to load dynamic library 'php_curl.dll' (tried: C:/Users/teres/AppData/Local/Programs/Local/resources/extraResources/lightning-services/php-7.3.5+10/bin/win64/ext\php_curl.dll (The specified module could not be found.), C:/Users/teres/AppData/Local/Programs/Local/resources/extraResources/lightning-services/php-7.3.5+10/bin/win64/ext\php_php_curl.dll.dll (The specified module could not be found.)) in Unknown on line 0
[19-Aug-2021 19:08:41 UTC] PHP Warning:  PHP Startup: Unable to load dynamic library 'php_gettext.dll' (tried: C:/Users/teres/AppData/Local/Programs/Local/resources/extraResources/lightning-services/php-7.3.5+10/bin/win64/ext\php_gettext.dll (The specified module could not be found.), C:/Users/teres/AppData/Local/Programs/Local/resources/extraResources/lightning-services/php-7.3.5+10/bin/win64/ext\php_php_gettext.dll.dll (The specified module could not be found.)) in Unknown on line 0
[19-Aug-2021 19:08:41 UTC] PHP Warning:  PHP Startup: Unable to load dynamic library 'php_openssl.dll' (tried: C:/Users/teres/AppData/Local/Programs/Local/resources/extraResources/lightning-services/php-7.3.5+10/bin/win64/ext\php_openssl.dll (The specified module could not be found.), C:/Users/teres/AppData/Local/Programs/Local/resources/extraResources/lightning-services/php-7.3.5+10/bin/win64/ext\php_php_openssl.dll.dll (The specified module could not be found.)) in Unknown on line 0
[19-Aug-2021 19:08:41 UTC] PHP Warning:  PHP Startup: Unable to load dynamic library 'php_exif.dll' (tried: C:/Users/teres/AppData/Local/Programs/Local/resources/extraResources/lightning-services/php-7.3.5+10/bin/win64/ext\php_exif.dll (The specified module could not be found.), C:/Users/teres/AppData/Local/Programs/Local/resources/extraResources/lightning-services/php-7.3.5+10/bin/win64/ext\php_php_exif.dll.dll (The specified module could not be found.)) in Unknown on line 0
[19-Aug-2021 19:08:41 UTC] PHP Warning:  PHP Startup: Unable to load dynamic library 'php_gd2.dll' (tried: C:/Users/teres/AppData/Local/Programs/Local/resources/extraResources/lightning-services/php-7.3.5+10/bin/win64/ext\php_gd2.dll (The specified module could not be found.), C:/Users/teres/AppData/Local/Programs/Local/resources/extraResources/lightning-services/php-7.3.5+10/bin/win64/ext\php_php_gd2.dll.dll (The specified module could not be found.)) in Unknown on line 0
[19-Aug-2021 19:08:41 UTC] PHP Warning:  PHP Startup: Unable to load dynamic library 'php_ftp.dll' (tried: C:/Users/teres/AppData/Local/Programs/Local/resources/extraResources/lightning-services/php-7.3.5+10/bin/win64/ext\php_ftp.dll (The specified module could not be found.), C:/Users/teres/AppData/Local/Programs/Local/resources/extraResources/lightning-services/php-7.3.5+10/bin/win64/ext\php_php_ftp.dll.dll (The specified module could not be found.)) in Unknown on line 0
[19-Aug-2021 19:08:41 UTC] PHP Warning:  PHP Startup: Unable to load dynamic library 'php_imap.dll' (tried: C:/Users/teres/AppData/Local/Programs/Local/resources/extraResources/lightning-services/php-7.3.5+10/bin/win64/ext\php_imap.dll (The specified module could not be found.), C:/Users/teres/AppData/Local/Programs/Local/resources/extraResources/lightning-services/php-7.3.5+10/bin/win64/ext\php_php_imap.dll.dll (The specified module could not be found.)) in Unknown on line 0
[19-Aug-2021 19:08:41 UTC] PHP Warning:  PHP Startup: Unable to load dynamic library 'php_bz2.dll' (tried: C:/Users/teres/AppData/Local/Programs/Local/resources/extraResources/lightning-services/php-7.3.5+10/bin/win64/ext\php_bz2.dll (The specified module could not be found.), C:/Users/teres/AppData/Local/Programs/Local/resources/extraResources/lightning-services/php-7.3.5+10/bin/win64/ext\php_php_bz2.dll.dll (The specified module could not be found.)) in Unknown on line 0
[19-Aug-2021 19:08:41 UTC] PHP Warning:  PHP Startup: Unable to load dynamic library 'php_mbstring.dll' (tried: C:/Users/teres/AppData/Local/Programs/Local/resources/extraResources/lightning-services/php-7.3.5+10/bin/win64/ext\php_mbstring.dll (The specified module could not be found.), C:/Users/teres/AppData/Local/Programs/Local/resources/extraResources/lightning-services/php-7.3.5+10/bin/win64/ext\php_php_mbstring.dll.dll (The specified module could not be found.)) in Unknown on line 0
[19-Aug-2021 19:08:41 UTC] PHP Warning:  PHP Startup: Unable to load dynamic library 'php_sodium.dll' (tried: C:/Users/teres/AppData/Local/Programs/Local/resources/extraResources/lightning-services/php-7.3.5+10/bin/win64/ext\php_sodium.dll (The specified module could not be found.), C:/Users/teres/AppData/Local/Programs/Local/resources/extraResources/lightning-services/php-7.3.5+10/bin/win64/ext\php_php_sodium.dll.dll (The specified module could not be found.)) in Unknown on line 0
[19-Aug-2021 19:08:41 UTC] PHP Warning:  PHP Startup: Unable to load dynamic library 'php_tidy.dll' (tried: C:/Users/teres/AppData/Local/Programs/Local/resources/extraResources/lightning-services/php-7.3.5+10/bin/win64/ext\php_tidy.dll (The specified module could not be found.), C:/Users/teres/AppData/Local/Programs/Local/resources/extraResources/lightning-services/php-7.3.5+10/bin/win64/ext\php_php_tidy.dll.dll (The specified module could not be found.)) in Unknown on line 0
[19-Aug-2021 19:08:41 UTC] PHP Warning:  PHP Startup: Unable to load dynamic library 'php_xsl.dll' (tried: C:/Users/teres/AppData/Local/Programs/Local/resources/extraResources/lightning-services/php-7.3.5+10/bin/win64/ext\php_xsl.dll (The specified module could not be found.), C:/Users/teres/AppData/Local/Programs/Local/resources/extraResources/lightning-services/php-7.3.5+10/bin/win64/ext\php_php_xsl.dll.dll (The specified module could not be found.)) in Unknown on line 0
[19-Aug-2021 19:08:41 UTC] PHP Warning:  PHP Startup: Unable to load dynamic library 'php_xmlrpc.dll' (tried: C:/Users/teres/AppData/Local/Programs/Local/resources/extraResources/lightning-services/php-7.3.5+10/bin/win64/ext\php_xmlrpc.dll (The specified module could not be found.), C:/Users/teres/AppData/Local/Programs/Local/resources/extraResources/lightning-services/php-7.3.5+10/bin/win64/ext\php_php_xmlrpc.dll.dll (The specified module could not be found.)) in Unknown on line 0
[19-Aug-2021 19:08:41 UTC] PHP Warning:  PHP Startup: Unable to load dynamic library 'php_soap.dll' (tried: C:/Users/teres/AppData/Local/Programs/Local/resources/extraResources/lightning-services/php-7.3.5+10/bin/win64/ext\php_soap.dll (The specified module could not be found.), C:/Users/teres/AppData/Local/Programs/Local/resources/extraResources/lightning-services/php-7.3.5+10/bin/win64/ext\php_php_soap.dll.dll (The specified module could not be found.)) in Unknown on line 0
[19-Aug-2021 19:08:41 UTC] PHP Warning:  Failed loading Zend extension 'php_opcache.dll' (tried: C:/Users/teres/AppData/Local/Programs/Local/resources/extraResources/lightning-services/php-7.3.5+10/bin/win64/ext\php_opcache.dll (The specified module could not be found.), C:/Users/teres/AppData/Local/Programs/Local/resources/extraResources/lightning-services/php-7.3.5+10/bin/win64/ext\php_php_opcache.dll.dll (The specified module could not be found.)) in Unknown on line 0
[19-Aug-2021 19:08:41 UTC] PHP Warning:  PHP Startup: Unable to load dynamic library 'php_mysqli.dll' (tried: C:/Users/teres/AppData/Local/Programs/Local/resources/extraResources/lightning-services/php-7.3.5+10/bin/win64/ext\php_mysqli.dll (The specified module could not be found.), C:/Users/teres/AppData/Local/Programs/Local/resources/extraResources/lightning-services/php-7.3.5+10/bin/win64/ext\php_php_mysqli.dll.dll (The specified module could not be found.)) in Unknown on line 0
[19-Aug-2021 19:08:41 UTC] PHP Warning:  Failed loading Zend extension 'php_xdebug.dll' (tried: C:/Users/teres/AppData/Local/Programs/Local/resources/extraResources/lightning-services/php-7.3.5+10/bin/win64/ext\php_xdebug.dll (The specified module could not be found.), C:/Users/teres/AppData/Local/Programs/Local/resources/extraResources/lightning-services/php-7.3.5+10/bin/win64/ext\php_php_xdebug.dll.dll (The specified module could not be found.)) in Unknown on line 0
[19-Aug-2021 19:08:41 UTC] PHP Warning:  PHP Startup: Unable to load dynamic library 'php_pdo_mysql.dll' (tried: C:/Users/teres/AppData/Local/Programs/Local/resources/extraResources/lightning-services/php-7.3.5+10/bin/win64/ext\php_pdo_mysql.dll (The specified module could not be found.), C:/Users/teres/AppData/Local/Programs/Local/resources/extraResources/lightning-services/php-7.3.5+10/bin/win64/ext\php_php_pdo_mysql.dll.dll (The specified module could not be found.)) in Unknown on line 0
[19-Aug-2021 19:08:41 UTC] PHP Warning:  PHP Startup: Unable to load dynamic library 'php_curl.dll' (tried: C:/Users/teres/AppData/Local/Programs/Local/resources/extraResources/lightning-services/php-7.3.5+10/bin/win64/ext\php_curl.dll (The specified module could not be found.), C:/Users/teres/AppData/Local/Programs/Local/resources/extraResources/lightning-services/php-7.3.5+10/bin/win64/ext\php_php_curl.dll.dll (The specified module could not be found.)) in Unknown on line 0
[19-Aug-2021 19:08:41 UTC] PHP Warning:  PHP Startup: Unable to load dynamic library 'php_gettext.dll' (tried: C:/Users/teres/AppData/Local/Programs/Local/resources/extraResources/lightning-services/php-7.3.5+10/bin/win64/ext\php_gettext.dll (The specified module could not be found.), C:/Users/teres/AppData/Local/Programs/Local/resources/extraResources/lightning-services/php-7.3.5+10/bin/win64/ext\php_php_gettext.dll.dll (The specified module could not be found.)) in Unknown on line 0
[19-Aug-2021 19:08:41 UTC] PHP Warning:  PHP Startup: Unable to load dynamic library 'php_openssl.dll' (tried: C:/Users/teres/AppData/Local/Programs/Local/resources/extraResources/lightning-services/php-7.3.5+10/bin/win64/ext\php_openssl.dll (The specified module could not be found.), C:/Users/teres/AppData/Local/Programs/Local/resources/extraResources/lightning-services/php-7.3.5+10/bin/win64/ext\php_php_openssl.dll.dll (The specified module could not be found.)) in Unknown on line 0
[19-Aug-2021 19:08:41 UTC] PHP Warning:  PHP Startup: Unable to load dynamic library 'php_exif.dll' (tried: C:/Users/teres/AppData/Local/Programs/Local/resources/extraResources/lightning-services/php-7.3.5+10/bin/win64/ext\php_exif.dll (The specified module could not be found.), C:/Users/teres/AppData/Local/Programs/Local/resources/extraResources/lightning-services/php-7.3.5+10/bin/win64/ext\php_php_exif.dll.dll (The specified module could not be found.)) in Unknown on line 0
[19-Aug-2021 19:08:41 UTC] PHP Warning:  PHP Startup: Unable to load dynamic library 'php_gd2.dll' (tried: C:/Users/teres/AppData/Local/Programs/Local/resources/extraResources/lightning-services/php-7.3.5+10/bin/win64/ext\php_gd2.dll (The specified module could not be found.), C:/Users/teres/AppData/Local/Programs/Local/resources/extraResources/lightning-services/php-7.3.5+10/bin/win64/ext\php_php_gd2.dll.dll (The specified module could not be found.)) in Unknown on line 0
[19-Aug-2021 19:08:41 UTC] PHP Warning:  PHP Startup: Unable to load dynamic library 'php_ftp.dll' (tried: C:/Users/teres/AppData/Local/Programs/Local/resources/extraResources/lightning-services/php-7.3.5+10/bin/win64/ext\php_ftp.dll (The specified module could not be found.), C:/Users/teres/AppData/Local/Programs/Local/resources/extraResources/lightning-services/php-7.3.5+10/bin/win64/ext\php_php_ftp.dll.dll (The specified module could not be found.)) in Unknown on line 0
[19-Aug-2021 19:08:41 UTC] PHP Warning:  PHP Startup: Unable to load dynamic library 'php_imap.dll' (tried: C:/Users/teres/AppData/Local/Programs/Local/resources/extraResources/lightning-services/php-7.3.5+10/bin/win64/ext\php_imap.dll (The specified module could not be found.), C:/Users/teres/AppData/Local/Programs/Local/resources/extraResources/lightning-services/php-7.3.5+10/bin/win64/ext\php_php_imap.dll.dll (The specified module could not be found.)) in Unknown on line 0
[19-Aug-2021 19:08:41 UTC] PHP Warning:  PHP Startup: Unable to load dynamic library 'php_bz2.dll' (tried: C:/Users/teres/AppData/Local/Programs/Local/resources/extraResources/lightning-services/php-7.3.5+10/bin/win64/ext\php_bz2.dll (The specified module could not be found.), C:/Users/teres/AppData/Local/Programs/Local/resources/extraResources/lightning-services/php-7.3.5+10/bin/win64/ext\php_php_bz2.dll.dll (The specified module could not be found.)) in Unknown on line 0
[19-Aug-2021 19:08:41 UTC] PHP Warning:  PHP Startup: Unable to load dynamic library 'php_mbstring.dll' (tried: C:/Users/teres/AppData/Local/Programs/Local/resources/extraResources/lightning-services/php-7.3.5+10/bin/win64/ext\php_mbstring.dll (The specified module could not be found.), C:/Users/teres/AppData/Local/Programs/Local/resources/extraResources/lightning-services/php-7.3.5+10/bin/win64/ext\php_php_mbstring.dll.dll (The specified module could not be found.)) in Unknown on line 0
[19-Aug-2021 19:08:41 UTC] PHP Warning:  PHP Startup: Unable to load dynamic library 'php_sodium.dll' (tried: C:/Users/teres/AppData/Local/Programs/Local/resources/extraResources/lightning-services/php-7.3.5+10/bin/win64/ext\php_sodium.dll (The specified module could not be found.), C:/Users/teres/AppData/Local/Programs/Local/resources/extraResources/lightning-services/php-7.3.5+10/bin/win64/ext\php_php_sodium.dll.dll (The specified module could not be found.)) in Unknown on line 0
[19-Aug-2021 19:08:41 UTC] PHP Warning:  PHP Startup: Unable to load dynamic library 'php_tidy.dll' (tried: C:/Users/teres/AppData/Local/Programs/Local/resources/extraResources/lightning-services/php-7.3.5+10/bin/win64/ext\php_tidy.dll (The specified module could not be found.), C:/Users/teres/AppData/Local/Programs/Local/resources/extraResources/lightning-services/php-7.3.5+10/bin/win64/ext\php_php_tidy.dll.dll (The specified module could not be found.)) in Unknown on line 0
[19-Aug-2021 19:08:41 UTC] PHP Warning:  PHP Startup: Unable to load dynamic library 'php_xsl.dll' (tried: C:/Users/teres/AppData/Local/Programs/Local/resources/extraResources/lightning-services/php-7.3.5+10/bin/win64/ext\php_xsl.dll (The specified module could not be found.), C:/Users/teres/AppData/Local/Programs/Local/resources/extraResources/lightning-services/php-7.3.5+10/bin/win64/ext\php_php_xsl.dll.dll (The specified module could not be found.)) in Unknown on line 0
[19-Aug-2021 19:08:41 UTC] PHP Warning:  PHP Startup: Unable to load dynamic library 'php_xmlrpc.dll' (tried: C:/Users/teres/AppData/Local/Programs/Local/resources/extraResources/lightning-services/php-7.3.5+10/bin/win64/ext\php_xmlrpc.dll (The specified module could not be found.), C:/Users/teres/AppData/Local/Programs/Local/resources/extraResources/lightning-services/php-7.3.5+10/bin/win64/ext\php_php_xmlrpc.dll.dll (The specified module could not be found.)) in Unknown on line 0
[19-Aug-2021 19:08:41 UTC] PHP Warning:  PHP Startup: Unable to load dynamic library 'php_soap.dll' (tried: C:/Users/teres/AppData/Local/Programs/Local/resources/extraResources/lightning-services/php-7.3.5+10/bin/win64/ext\php_soap.dll (The specified module could not be found.), C:/Users/teres/AppData/Local/Programs/Local/resources/extraResources/lightning-services/php-7.3.5+10/bin/win64/ext\php_php_soap.dll.dll (The specified module could not be found.)) in Unknown on line 0
[19-Aug-2021 19:08:41 UTC] PHP Warning:  PHP Startup: Unable to load dynamic library 'php_mysqli.dll' (tried: C:/Users/teres/AppData/Local/Programs/Local/resources/extraResources/lightning-services/php-7.3.5+10/bin/win64/ext\php_mysqli.dll (The specified module could not be found.), C:/Users/teres/AppData/Local/Programs/Local/resources/extraResources/lightning-services/php-7.3.5+10/bin/win64/ext\php_php_mysqli.dll.dll (The specified module could not be found.)) in Unknown on line 0
[19-Aug-2021 19:08:41 UTC] PHP Warning:  PHP Startup: Unable to load dynamic library 'php_pdo_mysql.dll' (tried: C:/Users/teres/AppData/Local/Programs/Local/resources/extraResources/lightning-services/php-7.3.5+10/bin/win64/ext\php_pdo_mysql.dll (The specified module could not be found.), C:/Users/teres/AppData/Local/Programs/Local/resources/extraResources/lightning-services/php-7.3.5+10/bin/win64/ext\php_php_pdo_mysql.dll.dll (The specified module could not be found.)) in Unknown on line 0
[19-Aug-2021 19:08:41 UTC] PHP Fatal error:  Uncaught Error: Call to undefined function mysql_connect() in C:\Users\teres\Local Sites\violinfix\app\public\wp-includes\wp-db.php:1688
Stack trace:
#0 C:\Users\teres\Local Sites\violinfix\app\public\wp-includes\wp-db.php(632): wpdb->db_connect()
#1 C:\Users\teres\Local Sites\violinfix\app\public\wp-includes\load.php(558): wpdb->__construct('root', 'root', 'local', 'localhost')
#2 C:\Users\teres\Local Sites\violinfix\app\public\wp-settings.php(124): require_wp_db()
#3 phar://C:/Users/teres/AppData/Local/Programs/Local/resources/extraResources/bin/wp-cli/wp-cli.phar/vendor/wp-cli/wp-cli/php/WP_CLI/Runner.php(1271): require('C:\\Users\\teres\\...')
#4 phar://C:/Users/teres/AppData/Local/Programs/Local/resources/extraResources/bin/wp-cli/wp-cli.phar/vendor/wp-cli/wp-cli/php/WP_CLI/Runner.php(1192): WP_CLI\Runner->load_wordpress()
#5 phar://C:/Users/teres/AppData/Local/Programs/Local/resources/extraResources/bin/wp-cli/wp-cli.phar/vendor/wp-cli/wp-cli/php/WP_CLI/Bootstrap/LaunchRunner.php(23): WP_CLI\Runner->sta in C:\Users\teres\Local Sites\violinfix\app\public\wp-includes\wp-db.php on line 1688
[19-Aug-2021 19:23:21 UTC] PHP Parse error:  syntax error, unexpected end of file in C:\Users\teres\Local Sites\violinfix\app\public\wp-content\themes\violin-fix\header.php on line 40
[19-Aug-2021 19:47:01 UTC] PHP Warning:  call_user_func_array() expects parameter 1 to be a valid callback, function 'violin_fix_styles' not found or invalid function name in C:\Users\teres\Local Sites\violinfix\app\public\wp-includes\class-wp-hook.php on line 303
[19-Aug-2021 19:47:01 UTC] PHP Stack trace:
[19-Aug-2021 19:47:01 UTC] PHP   1. {main}() C:\Users\teres\Local Sites\violinfix\app\public\index.php:0
[19-Aug-2021 19:47:01 UTC] PHP   2. require() C:\Users\teres\Local Sites\violinfix\app\public\index.php:17
[19-Aug-2021 19:47:01 UTC] PHP   3. require_once() C:\Users\teres\Local Sites\violinfix\app\public\wp-blog-header.php:19
[19-Aug-2021 19:47:01 UTC] PHP   4. include() C:\Users\teres\Local Sites\violinfix\app\public\wp-includes\template-loader.php:106
[19-Aug-2021 19:47:01 UTC] PHP   5. get_header() C:\Users\teres\Local Sites\violinfix\app\public\wp-content\themes\violin-fix\index.php:1
[19-Aug-2021 19:47:01 UTC] PHP   6. locate_template() C:\Users\teres\Local Sites\violinfix\app\public\wp-includes\general-template.php:48
[19-Aug-2021 19:47:01 UTC] PHP   7. load_template() C:\Users\teres\Local Sites\violinfix\app\public\wp-includes\template.php:716
[19-Aug-2021 19:47:01 UTC] PHP   8. require_once() C:\Users\teres\Local Sites\violinfix\app\public\wp-includes\template.php:770
[19-Aug-2021 19:47:01 UTC] PHP   9. wp_head() C:\Users\teres\Local Sites\violinfix\app\public\wp-content\themes\violin-fix\header.php:21
[19-Aug-2021 19:47:01 UTC] PHP  10. do_action() C:\Users\teres\Local Sites\violinfix\app\public\wp-includes\general-template.php:3015
[19-Aug-2021 19:47:01 UTC] PHP  11. WP_Hook->do_action() C:\Users\teres\Local Sites\violinfix\app\public\wp-includes\plugin.php:470
[19-Aug-2021 19:47:01 UTC] PHP  12. WP_Hook->apply_filters() C:\Users\teres\Local Sites\violinfix\app\public\wp-includes\class-wp-hook.php:327
[19-Aug-2021 19:47:01 UTC] PHP  13. wp_enqueue_scripts() C:\Users\teres\Local Sites\violinfix\app\public\wp-includes\class-wp-hook.php:303
[19-Aug-2021 19:47:01 UTC] PHP  14. do_action() C:\Users\teres\Local Sites\violinfix\app\public\wp-includes\script-loader.php:2083
[19-Aug-2021 19:47:01 UTC] PHP  15. WP_Hook->do_action() C:\Users\teres\Local Sites\violinfix\app\public\wp-includes\plugin.php:470
[19-Aug-2021 19:47:01 UTC] PHP  16. WP_Hook->apply_filters() C:\Users\teres\Local Sites\violinfix\app\public\wp-includes\class-wp-hook.php:327
[19-Aug-2021 19:51:03 UTC] PHP Fatal error:  Uncaught ArgumentCountError: Too few arguments to function add_action(), 1 passed in C:\Users\teres\Local Sites\violinfix\app\public\wp-content\themes\violin-fix\functions.php on line 21 and at least 2 expected in C:\Users\teres\Local Sites\violinfix\app\public\wp-includes\plugin.php:394
Stack trace:
#0 C:\Users\teres\Local Sites\violinfix\app\public\wp-content\themes\violin-fix\functions.php(21): add_action('my_styles_metho...')
#1 C:\Users\teres\Local Sites\violinfix\app\public\wp-settings.php(546): include('C:\\Users\\teres\\...')
#2 C:\Users\teres\Local Sites\violinfix\app\public\wp-config.php(77): require_once('C:\\Users\\teres\\...')
#3 C:\Users\teres\Local Sites\violinfix\app\public\wp-load.php(50): require_once('C:\\Users\\teres\\...')
#4 C:\Users\teres\Local Sites\violinfix\app\public\wp-blog-header.php(13): require_once('C:\\Users\\teres\\...')
#5 C:\Users\teres\Local Sites\violinfix\app\public\index.php(17): require('C:\\Users\\teres\\...')
#6 {main}
  thrown in C:\Users\teres\Local Sites\violinfix\app\public\wp-includes\plugin.php on line 394
[19-Aug-2021 20:03:33 UTC] PHP Warning:  call_user_func_array() expects parameter 1 to be a valid callback, function 'violin_fix_styles' not found or invalid function name in C:\Users\teres\Local Sites\violinfix\app\public\wp-includes\class-wp-hook.php on line 303
[19-Aug-2021 20:03:33 UTC] PHP Stack trace:
[19-Aug-2021 20:03:33 UTC] PHP   1. {main}() C:\Users\teres\Local Sites\violinfix\app\public\index.php:0
[19-Aug-2021 20:03:33 UTC] PHP   2. require() C:\Users\teres\Local Sites\violinfix\app\public\index.php:17
[19-Aug-2021 20:03:33 UTC] PHP   3. require_once() C:\Users\teres\Local Sites\violinfix\app\public\wp-blog-header.php:19
[19-Aug-2021 20:03:33 UTC] PHP   4. include() C:\Users\teres\Local Sites\violinfix\app\public\wp-includes\template-loader.php:106
[19-Aug-2021 20:03:33 UTC] PHP   5. get_header() C:\Users\teres\Local Sites\violinfix\app\public\wp-content\themes\violin-fix\index.php:1
[19-Aug-2021 20:03:33 UTC] PHP   6. locate_template() C:\Users\teres\Local Sites\violinfix\app\public\wp-includes\general-template.php:48
[19-Aug-2021 20:03:33 UTC] PHP   7. load_template() C:\Users\teres\Local Sites\violinfix\app\public\wp-includes\template.php:716
[19-Aug-2021 20:03:33 UTC] PHP   8. require_once() C:\Users\teres\Local Sites\violinfix\app\public\wp-includes\template.php:770
[19-Aug-2021 20:03:33 UTC] PHP   9. wp_head() C:\Users\teres\Local Sites\violinfix\app\public\wp-content\themes\violin-fix\header.php:21
[19-Aug-2021 20:03:33 UTC] PHP  10. do_action() C:\Users\teres\Local Sites\violinfix\app\public\wp-includes\general-template.php:3015
[19-Aug-2021 20:03:33 UTC] PHP  11. WP_Hook->do_action() C:\Users\teres\Local Sites\violinfix\app\public\wp-includes\plugin.php:470
[19-Aug-2021 20:03:33 UTC] PHP  12. WP_Hook->apply_filters() C:\Users\teres\Local Sites\violinfix\app\public\wp-includes\class-wp-hook.php:327
[19-Aug-2021 20:03:33 UTC] PHP  13. wp_enqueue_scripts() C:\Users\teres\Local Sites\violinfix\app\public\wp-includes\class-wp-hook.php:303
[19-Aug-2021 20:03:33 UTC] PHP  14. do_action() C:\Users\teres\Local Sites\violinfix\app\public\wp-includes\script-loader.php:2083
[19-Aug-2021 20:03:33 UTC] PHP  15. WP_Hook->do_action() C:\Users\teres\Local Sites\violinfix\app\public\wp-includes\plugin.php:470
[19-Aug-2021 20:03:33 UTC] PHP  16. WP_Hook->apply_filters() C:\Users\teres\Local Sites\violinfix\app\public\wp-includes\class-wp-hook.php:327
[19-Aug-2021 20:04:18 UTC] PHP Warning:  call_user_func_array() expects parameter 1 to be a valid callback, function 'violin_fix_styles' not found or invalid function name in C:\Users\teres\Local Sites\violinfix\app\public\wp-includes\class-wp-hook.php on line 303
[19-Aug-2021 20:04:18 UTC] PHP Stack trace:
[19-Aug-2021 20:04:18 UTC] PHP   1. {main}() C:\Users\teres\Local Sites\violinfix\app\public\index.php:0
[19-Aug-2021 20:04:18 UTC] PHP   2. require() C:\Users\teres\Local Sites\violinfix\app\public\index.php:17
[19-Aug-2021 20:04:18 UTC] PHP   3. require_once() C:\Users\teres\Local Sites\violinfix\app\public\wp-blog-header.php:19
[19-Aug-2021 20:04:18 UTC] PHP   4. include() C:\Users\teres\Local Sites\violinfix\app\public\wp-includes\template-loader.php:106
[19-Aug-2021 20:04:18 UTC] PHP   5. get_header() C:\Users\teres\Local Sites\violinfix\app\public\wp-content\themes\violin-fix\index.php:1
[19-Aug-2021 20:04:18 UTC] PHP   6. locate_template() C:\Users\teres\Local Sites\violinfix\app\public\wp-includes\general-template.php:48
[19-Aug-2021 20:04:18 UTC] PHP   7. load_template() C:\Users\teres\Local Sites\violinfix\app\public\wp-includes\template.php:716
[19-Aug-2021 20:04:18 UTC] PHP   8. require_once() C:\Users\teres\Local Sites\violinfix\app\public\wp-includes\template.php:770
[19-Aug-2021 20:04:18 UTC] PHP   9. wp_head() C:\Users\teres\Local Sites\violinfix\app\public\wp-content\themes\violin-fix\header.php:21
[19-Aug-2021 20:04:18 UTC] PHP  10. do_action() C:\Users\teres\Local Sites\violinfix\app\public\wp-includes\general-template.php:3015
[19-Aug-2021 20:04:18 UTC] PHP  11. WP_Hook->do_action() C:\Users\teres\Local Sites\violinfix\app\public\wp-includes\plugin.php:470
[19-Aug-2021 20:04:18 UTC] PHP  12. WP_Hook->apply_filters() C:\Users\teres\Local Sites\violinfix\app\public\wp-includes\class-wp-hook.php:327
[19-Aug-2021 20:04:18 UTC] PHP  13. wp_enqueue_scripts() C:\Users\teres\Local Sites\violinfix\app\public\wp-includes\class-wp-hook.php:303
[19-Aug-2021 20:04:18 UTC] PHP  14. do_action() C:\Users\teres\Local Sites\violinfix\app\public\wp-includes\script-loader.php:2083
[19-Aug-2021 20:04:18 UTC] PHP  15. WP_Hook->do_action() C:\Users\teres\Local Sites\violinfix\app\public\wp-includes\plugin.php:470
[19-Aug-2021 20:04:18 UTC] PHP  16. WP_Hook->apply_filters() C:\Users\teres\Local Sites\violinfix\app\public\wp-includes\class-wp-hook.php:327
[09-Sep-2021 20:17:40 UTC] PHP Warning:  Use of undefined constant jquery - assumed 'jquery' (this will throw an Error in a future version of PHP) in /Users/teresaloafman/Local Sites/violin-fix/app/public/wp-content/themes/violin-fix/page-templates/explore-season.php on line 10
[09-Sep-2021 20:17:40 UTC] PHP Stack trace:
[09-Sep-2021 20:17:40 UTC] PHP   1. {main}() /Users/teresaloafman/Local Sites/violin-fix/app/public/index.php:0
[09-Sep-2021 20:17:40 UTC] PHP   2. require() /Users/teresaloafman/Local Sites/violin-fix/app/public/index.php:17
[09-Sep-2021 20:17:40 UTC] PHP   3. require_once() /Users/teresaloafman/Local Sites/violin-fix/app/public/wp-blog-header.php:19
[09-Sep-2021 20:17:40 UTC] PHP   4. include() /Users/teresaloafman/Local Sites/violin-fix/app/public/wp-includes/template-loader.php:106
[09-Sep-2021 20:17:40 UTC] PHP   5. get_header() /Users/teresaloafman/Local Sites/violin-fix/app/public/wp-content/themes/violin-fix/page-templates/explore-season.php:15
[09-Sep-2021 20:17:40 UTC] PHP   6. locate_template() /Users/teresaloafman/Local Sites/violin-fix/app/public/wp-includes/general-template.php:48
[09-Sep-2021 20:17:40 UTC] PHP   7. load_template() /Users/teresaloafman/Local Sites/violin-fix/app/public/wp-includes/template.php:716
[09-Sep-2021 20:17:40 UTC] PHP   8. require_once() /Users/teresaloafman/Local Sites/violin-fix/app/public/wp-includes/template.php:770
[09-Sep-2021 20:17:40 UTC] PHP   9. wp_head() /Users/teresaloafman/Local Sites/violin-fix/app/public/wp-content/themes/violin-fix/header.php:21
[09-Sep-2021 20:17:40 UTC] PHP  10. do_action() /Users/teresaloafman/Local Sites/violin-fix/app/public/wp-includes/general-template.php:3015
[09-Sep-2021 20:17:40 UTC] PHP  11. WP_Hook->do_action() /Users/teresaloafman/Local Sites/violin-fix/app/public/wp-includes/plugin.php:470
[09-Sep-2021 20:17:40 UTC] PHP  12. WP_Hook->apply_filters() /Users/teresaloafman/Local Sites/violin-fix/app/public/wp-includes/class-wp-hook.php:327
[09-Sep-2021 20:17:40 UTC] PHP  13. wp_enqueue_scripts() /Users/teresaloafman/Local Sites/violin-fix/app/public/wp-includes/class-wp-hook.php:303
[09-Sep-2021 20:17:40 UTC] PHP  14. do_action() /Users/teresaloafman/Local Sites/violin-fix/app/public/wp-includes/script-loader.php:2083
[09-Sep-2021 20:17:40 UTC] PHP  15. WP_Hook->do_action() /Users/teresaloafman/Local Sites/violin-fix/app/public/wp-includes/plugin.php:470
[09-Sep-2021 20:17:40 UTC] PHP  16. WP_Hook->apply_filters() /Users/teresaloafman/Local Sites/violin-fix/app/public/wp-includes/class-wp-hook.php:327
[09-Sep-2021 20:17:40 UTC] PHP  17. enqueue_explore_season_scripts() /Users/teresaloafman/Local Sites/violin-fix/app/public/wp-includes/class-wp-hook.php:303
[09-Sep-2021 20:19:24 UTC] PHP Warning:  Use of undefined constant jquery - assumed 'jquery' (this will throw an Error in a future version of PHP) in /Users/teresaloafman/Local Sites/violin-fix/app/public/wp-content/themes/violin-fix/page-templates/explore-season.php on line 10
[09-Sep-2021 20:19:24 UTC] PHP Stack trace:
[09-Sep-2021 20:19:24 UTC] PHP   1. {main}() /Users/teresaloafman/Local Sites/violin-fix/app/public/index.php:0
[09-Sep-2021 20:19:24 UTC] PHP   2. require() /Users/teresaloafman/Local Sites/violin-fix/app/public/index.php:17
[09-Sep-2021 20:19:24 UTC] PHP   3. require_once() /Users/teresaloafman/Local Sites/violin-fix/app/public/wp-blog-header.php:19
[09-Sep-2021 20:19:24 UTC] PHP   4. include() /Users/teresaloafman/Local Sites/violin-fix/app/public/wp-includes/template-loader.php:106
[09-Sep-2021 20:19:24 UTC] PHP   5. get_header() /Users/teresaloafman/Local Sites/violin-fix/app/public/wp-content/themes/violin-fix/page-templates/explore-season.php:15
[09-Sep-2021 20:19:24 UTC] PHP   6. locate_template() /Users/teresaloafman/Local Sites/violin-fix/app/public/wp-includes/general-template.php:48
[09-Sep-2021 20:19:24 UTC] PHP   7. load_template() /Users/teresaloafman/Local Sites/violin-fix/app/public/wp-includes/template.php:716
[09-Sep-2021 20:19:24 UTC] PHP   8. require_once() /Users/teresaloafman/Local Sites/violin-fix/app/public/wp-includes/template.php:770
[09-Sep-2021 20:19:24 UTC] PHP   9. wp_head() /Users/teresaloafman/Local Sites/violin-fix/app/public/wp-content/themes/violin-fix/header.php:21
[09-Sep-2021 20:19:24 UTC] PHP  10. do_action() /Users/teresaloafman/Local Sites/violin-fix/app/public/wp-includes/general-template.php:3015
[09-Sep-2021 20:19:24 UTC] PHP  11. WP_Hook->do_action() /Users/teresaloafman/Local Sites/violin-fix/app/public/wp-includes/plugin.php:470
[09-Sep-2021 20:19:24 UTC] PHP  12. WP_Hook->apply_filters() /Users/teresaloafman/Local Sites/violin-fix/app/public/wp-includes/class-wp-hook.php:327
[09-Sep-2021 20:19:24 UTC] PHP  13. wp_enqueue_scripts() /Users/teresaloafman/Local Sites/violin-fix/app/public/wp-includes/class-wp-hook.php:303
[09-Sep-2021 20:19:24 UTC] PHP  14. do_action() /Users/teresaloafman/Local Sites/violin-fix/app/public/wp-includes/script-loader.php:2083
[09-Sep-2021 20:19:24 UTC] PHP  15. WP_Hook->do_action() /Users/teresaloafman/Local Sites/violin-fix/app/public/wp-includes/plugin.php:470
[09-Sep-2021 20:19:24 UTC] PHP  16. WP_Hook->apply_filters() /Users/teresaloafman/Local Sites/violin-fix/app/public/wp-includes/class-wp-hook.php:327
[09-Sep-2021 20:19:24 UTC] PHP  17. enqueue_explore_season_scripts() /Users/teresaloafman/Local Sites/violin-fix/app/public/wp-includes/class-wp-hook.php:303
[09-Sep-2021 20:19:46 UTC] PHP Warning:  Use of undefined constant jquery - assumed 'jquery' (this will throw an Error in a future version of PHP) in /Users/teresaloafman/Local Sites/violin-fix/app/public/wp-content/themes/violin-fix/page-templates/explore-season.php on line 10
[09-Sep-2021 20:19:46 UTC] PHP Stack trace:
[09-Sep-2021 20:19:46 UTC] PHP   1. {main}() /Users/teresaloafman/Local Sites/violin-fix/app/public/index.php:0
[09-Sep-2021 20:19:46 UTC] PHP   2. require() /Users/teresaloafman/Local Sites/violin-fix/app/public/index.php:17
[09-Sep-2021 20:19:46 UTC] PHP   3. require_once() /Users/teresaloafman/Local Sites/violin-fix/app/public/wp-blog-header.php:19
[09-Sep-2021 20:19:46 UTC] PHP   4. include() /Users/teresaloafman/Local Sites/violin-fix/app/public/wp-includes/template-loader.php:106
[09-Sep-2021 20:19:46 UTC] PHP   5. get_header() /Users/teresaloafman/Local Sites/violin-fix/app/public/wp-content/themes/violin-fix/page-templates/explore-season.php:15
[09-Sep-2021 20:19:46 UTC] PHP   6. locate_template() /Users/teresaloafman/Local Sites/violin-fix/app/public/wp-includes/general-template.php:48
[09-Sep-2021 20:19:46 UTC] PHP   7. load_template() /Users/teresaloafman/Local Sites/violin-fix/app/public/wp-includes/template.php:716
[09-Sep-2021 20:19:46 UTC] PHP   8. require_once() /Users/teresaloafman/Local Sites/violin-fix/app/public/wp-includes/template.php:770
[09-Sep-2021 20:19:46 UTC] PHP   9. wp_head() /Users/teresaloafman/Local Sites/violin-fix/app/public/wp-content/themes/violin-fix/header.php:21
[09-Sep-2021 20:19:46 UTC] PHP  10. do_action() /Users/teresaloafman/Local Sites/violin-fix/app/public/wp-includes/general-template.php:3015
[09-Sep-2021 20:19:46 UTC] PHP  11. WP_Hook->do_action() /Users/teresaloafman/Local Sites/violin-fix/app/public/wp-includes/plugin.php:470
[09-Sep-2021 20:19:46 UTC] PHP  12. WP_Hook->apply_filters() /Users/teresaloafman/Local Sites/violin-fix/app/public/wp-includes/class-wp-hook.php:327
[09-Sep-2021 20:19:46 UTC] PHP  13. wp_enqueue_scripts() /Users/teresaloafman/Local Sites/violin-fix/app/public/wp-includes/class-wp-hook.php:303
[09-Sep-2021 20:19:46 UTC] PHP  14. do_action() /Users/teresaloafman/Local Sites/violin-fix/app/public/wp-includes/script-loader.php:2083
[09-Sep-2021 20:19:46 UTC] PHP  15. WP_Hook->do_action() /Users/teresaloafman/Local Sites/violin-fix/app/public/wp-includes/plugin.php:470
[09-Sep-2021 20:19:46 UTC] PHP  16. WP_Hook->apply_filters() /Users/teresaloafman/Local Sites/violin-fix/app/public/wp-includes/class-wp-hook.php:327
[09-Sep-2021 20:19:46 UTC] PHP  17. enqueue_explore_season_scripts() /Users/teresaloafman/Local Sites/violin-fix/app/public/wp-includes/class-wp-hook.php:303
[09-Sep-2021 20:26:31 UTC] PHP Warning:  Use of undefined constant jquery - assumed 'jquery' (this will throw an Error in a future version of PHP) in /Users/teresaloafman/Local Sites/violin-fix/app/public/wp-content/themes/violin-fix/page-templates/explore-season.php on line 10
[09-Sep-2021 20:26:31 UTC] PHP Stack trace:
[09-Sep-2021 20:26:31 UTC] PHP   1. {main}() /Users/teresaloafman/Local Sites/violin-fix/app/public/index.php:0
[09-Sep-2021 20:26:31 UTC] PHP   2. require() /Users/teresaloafman/Local Sites/violin-fix/app/public/index.php:17
[09-Sep-2021 20:26:31 UTC] PHP   3. require_once() /Users/teresaloafman/Local Sites/violin-fix/app/public/wp-blog-header.php:19
[09-Sep-2021 20:26:31 UTC] PHP   4. include() /Users/teresaloafman/Local Sites/violin-fix/app/public/wp-includes/template-loader.php:106
[09-Sep-2021 20:26:31 UTC] PHP   5. get_header() /Users/teresaloafman/Local Sites/violin-fix/app/public/wp-content/themes/violin-fix/page-templates/explore-season.php:15
[09-Sep-2021 20:26:31 UTC] PHP   6. locate_template() /Users/teresaloafman/Local Sites/violin-fix/app/public/wp-includes/general-template.php:48
[09-Sep-2021 20:26:31 UTC] PHP   7. load_template() /Users/teresaloafman/Local Sites/violin-fix/app/public/wp-includes/template.php:716
[09-Sep-2021 20:26:31 UTC] PHP   8. require_once() /Users/teresaloafman/Local Sites/violin-fix/app/public/wp-includes/template.php:770
[09-Sep-2021 20:26:31 UTC] PHP   9. wp_head() /Users/teresaloafman/Local Sites/violin-fix/app/public/wp-content/themes/violin-fix/header.php:21
[09-Sep-2021 20:26:31 UTC] PHP  10. do_action() /Users/teresaloafman/Local Sites/violin-fix/app/public/wp-includes/general-template.php:3015
[09-Sep-2021 20:26:31 UTC] PHP  11. WP_Hook->do_action() /Users/teresaloafman/Local Sites/violin-fix/app/public/wp-includes/plugin.php:470
[09-Sep-2021 20:26:31 UTC] PHP  12. WP_Hook->apply_filters() /Users/teresaloafman/Local Sites/violin-fix/app/public/wp-includes/class-wp-hook.php:327
[09-Sep-2021 20:26:31 UTC] PHP  13. wp_enqueue_scripts() /Users/teresaloafman/Local Sites/violin-fix/app/public/wp-includes/class-wp-hook.php:303
[09-Sep-2021 20:26:31 UTC] PHP  14. do_action() /Users/teresaloafman/Local Sites/violin-fix/app/public/wp-includes/script-loader.php:2083
[09-Sep-2021 20:26:31 UTC] PHP  15. WP_Hook->do_action() /Users/teresaloafman/Local Sites/violin-fix/app/public/wp-includes/plugin.php:470
[09-Sep-2021 20:26:31 UTC] PHP  16. WP_Hook->apply_filters() /Users/teresaloafman/Local Sites/violin-fix/app/public/wp-includes/class-wp-hook.php:327
[09-Sep-2021 20:26:31 UTC] PHP  17. enqueue_explore_season_scripts() /Users/teresaloafman/Local Sites/violin-fix/app/public/wp-includes/class-wp-hook.php:303
[09-Sep-2021 20:27:50 UTC] PHP Warning:  Use of undefined constant jquery - assumed 'jquery' (this will throw an Error in a future version of PHP) in /Users/teresaloafman/Local Sites/violin-fix/app/public/wp-content/themes/violin-fix/page-templates/explore-season.php on line 10
[09-Sep-2021 20:27:50 UTC] PHP Stack trace:
[09-Sep-2021 20:27:50 UTC] PHP   1. {main}() /Users/teresaloafman/Local Sites/violin-fix/app/public/index.php:0
[09-Sep-2021 20:27:50 UTC] PHP   2. require() /Users/teresaloafman/Local Sites/violin-fix/app/public/index.php:17
[09-Sep-2021 20:27:50 UTC] PHP   3. require_once() /Users/teresaloafman/Local Sites/violin-fix/app/public/wp-blog-header.php:19
[09-Sep-2021 20:27:50 UTC] PHP   4. include() /Users/teresaloafman/Local Sites/violin-fix/app/public/wp-includes/template-loader.php:106
[09-Sep-2021 20:27:50 UTC] PHP   5. get_header() /Users/teresaloafman/Local Sites/violin-fix/app/public/wp-content/themes/violin-fix/page-templates/explore-season.php:15
[09-Sep-2021 20:27:50 UTC] PHP   6. locate_template() /Users/teresaloafman/Local Sites/violin-fix/app/public/wp-includes/general-template.php:48
[09-Sep-2021 20:27:50 UTC] PHP   7. load_template() /Users/teresaloafman/Local Sites/violin-fix/app/public/wp-includes/template.php:716
[09-Sep-2021 20:27:50 UTC] PHP   8. require_once() /Users/teresaloafman/Local Sites/violin-fix/app/public/wp-includes/template.php:770
[09-Sep-2021 20:27:50 UTC] PHP   9. wp_head() /Users/teresaloafman/Local Sites/violin-fix/app/public/wp-content/themes/violin-fix/header.php:21
[09-Sep-2021 20:27:50 UTC] PHP  10. do_action() /Users/teresaloafman/Local Sites/violin-fix/app/public/wp-includes/general-template.php:3015
[09-Sep-2021 20:27:50 UTC] PHP  11. WP_Hook->do_action() /Users/teresaloafman/Local Sites/violin-fix/app/public/wp-includes/plugin.php:470
[09-Sep-2021 20:27:50 UTC] PHP  12. WP_Hook->apply_filters() /Users/teresaloafman/Local Sites/violin-fix/app/public/wp-includes/class-wp-hook.php:327
[09-Sep-2021 20:27:50 UTC] PHP  13. wp_enqueue_scripts() /Users/teresaloafman/Local Sites/violin-fix/app/public/wp-includes/class-wp-hook.php:303
[09-Sep-2021 20:27:50 UTC] PHP  14. do_action() /Users/teresaloafman/Local Sites/violin-fix/app/public/wp-includes/script-loader.php:2083
[09-Sep-2021 20:27:50 UTC] PHP  15. WP_Hook->do_action() /Users/teresaloafman/Local Sites/violin-fix/app/public/wp-includes/plugin.php:470
[09-Sep-2021 20:27:50 UTC] PHP  16. WP_Hook->apply_filters() /Users/teresaloafman/Local Sites/violin-fix/app/public/wp-includes/class-wp-hook.php:327
[09-Sep-2021 20:27:50 UTC] PHP  17. enqueue_explore_season_scripts() /Users/teresaloafman/Local Sites/violin-fix/app/public/wp-includes/class-wp-hook.php:303
[09-Sep-2021 20:28:02 UTC] PHP Warning:  Use of undefined constant jquery - assumed 'jquery' (this will throw an Error in a future version of PHP) in /Users/teresaloafman/Local Sites/violin-fix/app/public/wp-content/themes/violin-fix/page-templates/explore-season.php on line 10
[09-Sep-2021 20:28:02 UTC] PHP Stack trace:
[09-Sep-2021 20:28:02 UTC] PHP   1. {main}() /Users/teresaloafman/Local Sites/violin-fix/app/public/index.php:0
[09-Sep-2021 20:28:02 UTC] PHP   2. require() /Users/teresaloafman/Local Sites/violin-fix/app/public/index.php:17
[09-Sep-2021 20:28:02 UTC] PHP   3. require_once() /Users/teresaloafman/Local Sites/violin-fix/app/public/wp-blog-header.php:19
[09-Sep-2021 20:28:02 UTC] PHP   4. include() /Users/teresaloafman/Local Sites/violin-fix/app/public/wp-includes/template-loader.php:106
[09-Sep-2021 20:28:02 UTC] PHP   5. get_header() /Users/teresaloafman/Local Sites/violin-fix/app/public/wp-content/themes/violin-fix/page-templates/explore-season.php:15
[09-Sep-2021 20:28:02 UTC] PHP   6. locate_template() /Users/teresaloafman/Local Sites/violin-fix/app/public/wp-includes/general-template.php:48
[09-Sep-2021 20:28:02 UTC] PHP   7. load_template() /Users/teresaloafman/Local Sites/violin-fix/app/public/wp-includes/template.php:716
[09-Sep-2021 20:28:02 UTC] PHP   8. require_once() /Users/teresaloafman/Local Sites/violin-fix/app/public/wp-includes/template.php:770
[09-Sep-2021 20:28:02 UTC] PHP   9. wp_head() /Users/teresaloafman/Local Sites/violin-fix/app/public/wp-content/themes/violin-fix/header.php:21
[09-Sep-2021 20:28:02 UTC] PHP  10. do_action() /Users/teresaloafman/Local Sites/violin-fix/app/public/wp-includes/general-template.php:3015
[09-Sep-2021 20:28:02 UTC] PHP  11. WP_Hook->do_action() /Users/teresaloafman/Local Sites/violin-fix/app/public/wp-includes/plugin.php:470
[09-Sep-2021 20:28:02 UTC] PHP  12. WP_Hook->apply_filters() /Users/teresaloafman/Local Sites/violin-fix/app/public/wp-includes/class-wp-hook.php:327
[09-Sep-2021 20:28:02 UTC] PHP  13. wp_enqueue_scripts() /Users/teresaloafman/Local Sites/violin-fix/app/public/wp-includes/class-wp-hook.php:303
[09-Sep-2021 20:28:02 UTC] PHP  14. do_action() /Users/teresaloafman/Local Sites/violin-fix/app/public/wp-includes/script-loader.php:2083
[09-Sep-2021 20:28:02 UTC] PHP  15. WP_Hook->do_action() /Users/teresaloafman/Local Sites/violin-fix/app/public/wp-includes/plugin.php:470
[09-Sep-2021 20:28:02 UTC] PHP  16. WP_Hook->apply_filters() /Users/teresaloafman/Local Sites/violin-fix/app/public/wp-includes/class-wp-hook.php:327
[09-Sep-2021 20:28:02 UTC] PHP  17. enqueue_explore_season_scripts() /Users/teresaloafman/Local Sites/violin-fix/app/public/wp-includes/class-wp-hook.php:303
[09-Sep-2021 20:28:47 UTC] PHP Warning:  Use of undefined constant jquery - assumed 'jquery' (this will throw an Error in a future version of PHP) in /Users/teresaloafman/Local Sites/violin-fix/app/public/wp-content/themes/violin-fix/page-templates/explore-season.php on line 10
[09-Sep-2021 20:28:47 UTC] PHP Stack trace:
[09-Sep-2021 20:28:47 UTC] PHP   1. {main}() /Users/teresaloafman/Local Sites/violin-fix/app/public/index.php:0
[09-Sep-2021 20:28:47 UTC] PHP   2. require() /Users/teresaloafman/Local Sites/violin-fix/app/public/index.php:17
[09-Sep-2021 20:28:47 UTC] PHP   3. require_once() /Users/teresaloafman/Local Sites/violin-fix/app/public/wp-blog-header.php:19
[09-Sep-2021 20:28:47 UTC] PHP   4. include() /Users/teresaloafman/Local Sites/violin-fix/app/public/wp-includes/template-loader.php:106
[09-Sep-2021 20:28:47 UTC] PHP   5. get_header() /Users/teresaloafman/Local Sites/violin-fix/app/public/wp-content/themes/violin-fix/page-templates/explore-season.php:15
[09-Sep-2021 20:28:47 UTC] PHP   6. locate_template() /Users/teresaloafman/Local Sites/violin-fix/app/public/wp-includes/general-template.php:48
[09-Sep-2021 20:28:47 UTC] PHP   7. load_template() /Users/teresaloafman/Local Sites/violin-fix/app/public/wp-includes/template.php:716
[09-Sep-2021 20:28:47 UTC] PHP   8. require_once() /Users/teresaloafman/Local Sites/violin-fix/app/public/wp-includes/template.php:770
[09-Sep-2021 20:28:47 UTC] PHP   9. wp_head() /Users/teresaloafman/Local Sites/violin-fix/app/public/wp-content/themes/violin-fix/header.php:21
[09-Sep-2021 20:28:47 UTC] PHP  10. do_action() /Users/teresaloafman/Local Sites/violin-fix/app/public/wp-includes/general-template.php:3015
[09-Sep-2021 20:28:47 UTC] PHP  11. WP_Hook->do_action() /Users/teresaloafman/Local Sites/violin-fix/app/public/wp-includes/plugin.php:470
[09-Sep-2021 20:28:47 UTC] PHP  12. WP_Hook->apply_filters() /Users/teresaloafman/Local Sites/violin-fix/app/public/wp-includes/class-wp-hook.php:327
[09-Sep-2021 20:28:47 UTC] PHP  13. wp_enqueue_scripts() /Users/teresaloafman/Local Sites/violin-fix/app/public/wp-includes/class-wp-hook.php:303
[09-Sep-2021 20:28:47 UTC] PHP  14. do_action() /Users/teresaloafman/Local Sites/violin-fix/app/public/wp-includes/script-loader.php:2083
[09-Sep-2021 20:28:47 UTC] PHP  15. WP_Hook->do_action() /Users/teresaloafman/Local Sites/violin-fix/app/public/wp-includes/plugin.php:470
[09-Sep-2021 20:28:47 UTC] PHP  16. WP_Hook->apply_filters() /Users/teresaloafman/Local Sites/violin-fix/app/public/wp-includes/class-wp-hook.php:327
[09-Sep-2021 20:28:47 UTC] PHP  17. enqueue_explore_season_scripts() /Users/teresaloafman/Local Sites/violin-fix/app/public/wp-includes/class-wp-hook.php:303
[09-Sep-2021 20:29:58 UTC] PHP Warning:  Use of undefined constant jquery - assumed 'jquery' (this will throw an Error in a future version of PHP) in /Users/teresaloafman/Local Sites/violin-fix/app/public/wp-content/themes/violin-fix/page-templates/explore-season.php on line 10
[09-Sep-2021 20:29:58 UTC] PHP Stack trace:
[09-Sep-2021 20:29:58 UTC] PHP   1. {main}() /Users/teresaloafman/Local Sites/violin-fix/app/public/index.php:0
[09-Sep-2021 20:29:58 UTC] PHP   2. require() /Users/teresaloafman/Local Sites/violin-fix/app/public/index.php:17
[09-Sep-2021 20:29:58 UTC] PHP   3. require_once() /Users/teresaloafman/Local Sites/violin-fix/app/public/wp-blog-header.php:19
[09-Sep-2021 20:29:58 UTC] PHP   4. include() /Users/teresaloafman/Local Sites/violin-fix/app/public/wp-includes/template-loader.php:106
[09-Sep-2021 20:29:58 UTC] PHP   5. get_header() /Users/teresaloafman/Local Sites/violin-fix/app/public/wp-content/themes/violin-fix/page-templates/explore-season.php:15
[09-Sep-2021 20:29:58 UTC] PHP   6. locate_template() /Users/teresaloafman/Local Sites/violin-fix/app/public/wp-includes/general-template.php:48
[09-Sep-2021 20:29:58 UTC] PHP   7. load_template() /Users/teresaloafman/Local Sites/violin-fix/app/public/wp-includes/template.php:716
[09-Sep-2021 20:29:58 UTC] PHP   8. require_once() /Users/teresaloafman/Local Sites/violin-fix/app/public/wp-includes/template.php:770
[09-Sep-2021 20:29:58 UTC] PHP   9. wp_head() /Users/teresaloafman/Local Sites/violin-fix/app/public/wp-content/themes/violin-fix/header.php:21
[09-Sep-2021 20:29:58 UTC] PHP  10. do_action() /Users/teresaloafman/Local Sites/violin-fix/app/public/wp-includes/general-template.php:3015
[09-Sep-2021 20:29:58 UTC] PHP  11. WP_Hook->do_action() /Users/teresaloafman/Local Sites/violin-fix/app/public/wp-includes/plugin.php:470
[09-Sep-2021 20:29:58 UTC] PHP  12. WP_Hook->apply_filters() /Users/teresaloafman/Local Sites/violin-fix/app/public/wp-includes/class-wp-hook.php:327
[09-Sep-2021 20:29:58 UTC] PHP  13. wp_enqueue_scripts() /Users/teresaloafman/Local Sites/violin-fix/app/public/wp-includes/class-wp-hook.php:303
[09-Sep-2021 20:29:58 UTC] PHP  14. do_action() /Users/teresaloafman/Local Sites/violin-fix/app/public/wp-includes/script-loader.php:2083
[09-Sep-2021 20:29:58 UTC] PHP  15. WP_Hook->do_action() /Users/teresaloafman/Local Sites/violin-fix/app/public/wp-includes/plugin.php:470
[09-Sep-2021 20:29:58 UTC] PHP  16. WP_Hook->apply_filters() /Users/teresaloafman/Local Sites/violin-fix/app/public/wp-includes/class-wp-hook.php:327
[09-Sep-2021 20:29:58 UTC] PHP  17. enqueue_explore_season_scripts() /Users/teresaloafman/Local Sites/violin-fix/app/public/wp-includes/class-wp-hook.php:303
[09-Sep-2021 20:31:09 UTC] PHP Warning:  Use of undefined constant jquery - assumed 'jquery' (this will throw an Error in a future version of PHP) in /Users/teresaloafman/Local Sites/violin-fix/app/public/wp-content/themes/violin-fix/page-templates/explore-season.php on line 10
[09-Sep-2021 20:31:09 UTC] PHP Stack trace:
[09-Sep-2021 20:31:09 UTC] PHP   1. {main}() /Users/teresaloafman/Local Sites/violin-fix/app/public/index.php:0
[09-Sep-2021 20:31:09 UTC] PHP   2. require() /Users/teresaloafman/Local Sites/violin-fix/app/public/index.php:17
[09-Sep-2021 20:31:09 UTC] PHP   3. require_once() /Users/teresaloafman/Local Sites/violin-fix/app/public/wp-blog-header.php:19
[09-Sep-2021 20:31:09 UTC] PHP   4. include() /Users/teresaloafman/Local Sites/violin-fix/app/public/wp-includes/template-loader.php:106
[09-Sep-2021 20:31:09 UTC] PHP   5. get_header() /Users/teresaloafman/Local Sites/violin-fix/app/public/wp-content/themes/violin-fix/page-templates/explore-season.php:15
[09-Sep-2021 20:31:09 UTC] PHP   6. locate_template() /Users/teresaloafman/Local Sites/violin-fix/app/public/wp-includes/general-template.php:48
[09-Sep-2021 20:31:09 UTC] PHP   7. load_template() /Users/teresaloafman/Local Sites/violin-fix/app/public/wp-includes/template.php:716
[09-Sep-2021 20:31:09 UTC] PHP   8. require_once() /Users/teresaloafman/Local Sites/violin-fix/app/public/wp-includes/template.php:770
[09-Sep-2021 20:31:09 UTC] PHP   9. wp_head() /Users/teresaloafman/Local Sites/violin-fix/app/public/wp-content/themes/violin-fix/header.php:21
[09-Sep-2021 20:31:09 UTC] PHP  10. do_action() /Users/teresaloafman/Local Sites/violin-fix/app/public/wp-includes/general-template.php:3015
[09-Sep-2021 20:31:09 UTC] PHP  11. WP_Hook->do_action() /Users/teresaloafman/Local Sites/violin-fix/app/public/wp-includes/plugin.php:470
[09-Sep-2021 20:31:09 UTC] PHP  12. WP_Hook->apply_filters() /Users/teresaloafman/Local Sites/violin-fix/app/public/wp-includes/class-wp-hook.php:327
[09-Sep-2021 20:31:09 UTC] PHP  13. wp_enqueue_scripts() /Users/teresaloafman/Local Sites/violin-fix/app/public/wp-includes/class-wp-hook.php:303
[09-Sep-2021 20:31:09 UTC] PHP  14. do_action() /Users/teresaloafman/Local Sites/violin-fix/app/public/wp-includes/script-loader.php:2083
[09-Sep-2021 20:31:09 UTC] PHP  15. WP_Hook->do_action() /Users/teresaloafman/Local Sites/violin-fix/app/public/wp-includes/plugin.php:470
[09-Sep-2021 20:31:09 UTC] PHP  16. WP_Hook->apply_filters() /Users/teresaloafman/Local Sites/violin-fix/app/public/wp-includes/class-wp-hook.php:327
[09-Sep-2021 20:31:09 UTC] PHP  17. enqueue_explore_season_scripts() /Users/teresaloafman/Local Sites/violin-fix/app/public/wp-includes/class-wp-hook.php:303
[09-Sep-2021 20:31:52 UTC] PHP Warning:  Use of undefined constant jquery - assumed 'jquery' (this will throw an Error in a future version of PHP) in /Users/teresaloafman/Local Sites/violin-fix/app/public/wp-content/themes/violin-fix/page-templates/explore-season.php on line 10
[09-Sep-2021 20:31:52 UTC] PHP Stack trace:
[09-Sep-2021 20:31:52 UTC] PHP   1. {main}() /Users/teresaloafman/Local Sites/violin-fix/app/public/index.php:0
[09-Sep-2021 20:31:52 UTC] PHP   2. require() /Users/teresaloafman/Local Sites/violin-fix/app/public/index.php:17
[09-Sep-2021 20:31:52 UTC] PHP   3. require_once() /Users/teresaloafman/Local Sites/violin-fix/app/public/wp-blog-header.php:19
[09-Sep-2021 20:31:52 UTC] PHP   4. include() /Users/teresaloafman/Local Sites/violin-fix/app/public/wp-includes/template-loader.php:106
[09-Sep-2021 20:31:52 UTC] PHP   5. get_header() /Users/teresaloafman/Local Sites/violin-fix/app/public/wp-content/themes/violin-fix/page-templates/explore-season.php:15
[09-Sep-2021 20:31:52 UTC] PHP   6. locate_template() /Users/teresaloafman/Local Sites/violin-fix/app/public/wp-includes/general-template.php:48
[09-Sep-2021 20:31:52 UTC] PHP   7. load_template() /Users/teresaloafman/Local Sites/violin-fix/app/public/wp-includes/template.php:716
[09-Sep-2021 20:31:52 UTC] PHP   8. require_once() /Users/teresaloafman/Local Sites/violin-fix/app/public/wp-includes/template.php:770
[09-Sep-2021 20:31:52 UTC] PHP   9. wp_head() /Users/teresaloafman/Local Sites/violin-fix/app/public/wp-content/themes/violin-fix/header.php:21
[09-Sep-2021 20:31:52 UTC] PHP  10. do_action() /Users/teresaloafman/Local Sites/violin-fix/app/public/wp-includes/general-template.php:3015
[09-Sep-2021 20:31:52 UTC] PHP  11. WP_Hook->do_action() /Users/teresaloafman/Local Sites/violin-fix/app/public/wp-includes/plugin.php:470
[09-Sep-2021 20:31:52 UTC] PHP  12. WP_Hook->apply_filters() /Users/teresaloafman/Local Sites/violin-fix/app/public/wp-includes/class-wp-hook.php:327
[09-Sep-2021 20:31:52 UTC] PHP  13. wp_enqueue_scripts() /Users/teresaloafman/Local Sites/violin-fix/app/public/wp-includes/class-wp-hook.php:303
[09-Sep-2021 20:31:52 UTC] PHP  14. do_action() /Users/teresaloafman/Local Sites/violin-fix/app/public/wp-includes/script-loader.php:2083
[09-Sep-2021 20:31:52 UTC] PHP  15. WP_Hook->do_action() /Users/teresaloafman/Local Sites/violin-fix/app/public/wp-includes/plugin.php:470
[09-Sep-2021 20:31:52 UTC] PHP  16. WP_Hook->apply_filters() /Users/teresaloafman/Local Sites/violin-fix/app/public/wp-includes/class-wp-hook.php:327
[09-Sep-2021 20:31:52 UTC] PHP  17. enqueue_explore_season_scripts() /Users/teresaloafman/Local Sites/violin-fix/app/public/wp-includes/class-wp-hook.php:303
[09-Sep-2021 20:32:28 UTC] PHP Warning:  Use of undefined constant jquery - assumed 'jquery' (this will throw an Error in a future version of PHP) in /Users/teresaloafman/Local Sites/violin-fix/app/public/wp-content/themes/violin-fix/page-templates/explore-season.php on line 10
[09-Sep-2021 20:32:28 UTC] PHP Stack trace:
[09-Sep-2021 20:32:28 UTC] PHP   1. {main}() /Users/teresaloafman/Local Sites/violin-fix/app/public/index.php:0
[09-Sep-2021 20:32:28 UTC] PHP   2. require() /Users/teresaloafman/Local Sites/violin-fix/app/public/index.php:17
[09-Sep-2021 20:32:28 UTC] PHP   3. require_once() /Users/teresaloafman/Local Sites/violin-fix/app/public/wp-blog-header.php:19
[09-Sep-2021 20:32:28 UTC] PHP   4. include() /Users/teresaloafman/Local Sites/violin-fix/app/public/wp-includes/template-loader.php:106
[09-Sep-2021 20:32:28 UTC] PHP   5. get_header() /Users/teresaloafman/Local Sites/violin-fix/app/public/wp-content/themes/violin-fix/page-templates/explore-season.php:15
[09-Sep-2021 20:32:28 UTC] PHP   6. locate_template() /Users/teresaloafman/Local Sites/violin-fix/app/public/wp-includes/general-template.php:48
[09-Sep-2021 20:32:28 UTC] PHP   7. load_template() /Users/teresaloafman/Local Sites/violin-fix/app/public/wp-includes/template.php:716
[09-Sep-2021 20:32:28 UTC] PHP   8. require_once() /Users/teresaloafman/Local Sites/violin-fix/app/public/wp-includes/template.php:770
[09-Sep-2021 20:32:28 UTC] PHP   9. wp_head() /Users/teresaloafman/Local Sites/violin-fix/app/public/wp-content/themes/violin-fix/header.php:21
[09-Sep-2021 20:32:28 UTC] PHP  10. do_action() /Users/teresaloafman/Local Sites/violin-fix/app/public/wp-includes/general-template.php:3015
[09-Sep-2021 20:32:28 UTC] PHP  11. WP_Hook->do_action() /Users/teresaloafman/Local Sites/violin-fix/app/public/wp-includes/plugin.php:470
[09-Sep-2021 20:32:28 UTC] PHP  12. WP_Hook->apply_filters() /Users/teresaloafman/Local Sites/violin-fix/app/public/wp-includes/class-wp-hook.php:327
[09-Sep-2021 20:32:28 UTC] PHP  13. wp_enqueue_scripts() /Users/teresaloafman/Local Sites/violin-fix/app/public/wp-includes/class-wp-hook.php:303
[09-Sep-2021 20:32:28 UTC] PHP  14. do_action() /Users/teresaloafman/Local Sites/violin-fix/app/public/wp-includes/script-loader.php:2083
[09-Sep-2021 20:32:28 UTC] PHP  15. WP_Hook->do_action() /Users/teresaloafman/Local Sites/violin-fix/app/public/wp-includes/plugin.php:470
[09-Sep-2021 20:32:28 UTC] PHP  16. WP_Hook->apply_filters() /Users/teresaloafman/Local Sites/violin-fix/app/public/wp-includes/class-wp-hook.php:327
[09-Sep-2021 20:32:28 UTC] PHP  17. enqueue_explore_season_scripts() /Users/teresaloafman/Local Sites/violin-fix/app/public/wp-includes/class-wp-hook.php:303
[09-Sep-2021 20:37:53 UTC] PHP Warning:  Use of undefined constant jquery - assumed 'jquery' (this will throw an Error in a future version of PHP) in /Users/teresaloafman/Local Sites/violin-fix/app/public/wp-content/themes/violin-fix/page-templates/explore-season.php on line 10
[09-Sep-2021 20:37:53 UTC] PHP Stack trace:
[09-Sep-2021 20:37:53 UTC] PHP   1. {main}() /Users/teresaloafman/Local Sites/violin-fix/app/public/index.php:0
[09-Sep-2021 20:37:53 UTC] PHP   2. require() /Users/teresaloafman/Local Sites/violin-fix/app/public/index.php:17
[09-Sep-2021 20:37:53 UTC] PHP   3. require_once() /Users/teresaloafman/Local Sites/violin-fix/app/public/wp-blog-header.php:19
[09-Sep-2021 20:37:53 UTC] PHP   4. include() /Users/teresaloafman/Local Sites/violin-fix/app/public/wp-includes/template-loader.php:106
[09-Sep-2021 20:37:53 UTC] PHP   5. get_header() /Users/teresaloafman/Local Sites/violin-fix/app/public/wp-content/themes/violin-fix/page-templates/explore-season.php:15
[09-Sep-2021 20:37:53 UTC] PHP   6. locate_template() /Users/teresaloafman/Local Sites/violin-fix/app/public/wp-includes/general-template.php:48
[09-Sep-2021 20:37:53 UTC] PHP   7. load_template() /Users/teresaloafman/Local Sites/violin-fix/app/public/wp-includes/template.php:716
[09-Sep-2021 20:37:53 UTC] PHP   8. require_once() /Users/teresaloafman/Local Sites/violin-fix/app/public/wp-includes/template.php:770
[09-Sep-2021 20:37:53 UTC] PHP   9. wp_head() /Users/teresaloafman/Local Sites/violin-fix/app/public/wp-content/themes/violin-fix/header.php:21
[09-Sep-2021 20:37:53 UTC] PHP  10. do_action() /Users/teresaloafman/Local Sites/violin-fix/app/public/wp-includes/general-template.php:3015
[09-Sep-2021 20:37:53 UTC] PHP  11. WP_Hook->do_action() /Users/teresaloafman/Local Sites/violin-fix/app/public/wp-includes/plugin.php:470
[09-Sep-2021 20:37:53 UTC] PHP  12. WP_Hook->apply_filters() /Users/teresaloafman/Local Sites/violin-fix/app/public/wp-includes/class-wp-hook.php:327
[09-Sep-2021 20:37:53 UTC] PHP  13. wp_enqueue_scripts() /Users/teresaloafman/Local Sites/violin-fix/app/public/wp-includes/class-wp-hook.php:303
[09-Sep-2021 20:37:53 UTC] PHP  14. do_action() /Users/teresaloafman/Local Sites/violin-fix/app/public/wp-includes/script-loader.php:2083
[09-Sep-2021 20:37:53 UTC] PHP  15. WP_Hook->do_action() /Users/teresaloafman/Local Sites/violin-fix/app/public/wp-includes/plugin.php:470
[09-Sep-2021 20:37:53 UTC] PHP  16. WP_Hook->apply_filters() /Users/teresaloafman/Local Sites/violin-fix/app/public/wp-includes/class-wp-hook.php:327
[09-Sep-2021 20:37:53 UTC] PHP  17. enqueue_explore_season_scripts() /Users/teresaloafman/Local Sites/violin-fix/app/public/wp-includes/class-wp-hook.php:303
[09-Sep-2021 20:38:18 UTC] PHP Warning:  Use of undefined constant jquery - assumed 'jquery' (this will throw an Error in a future version of PHP) in /Users/teresaloafman/Local Sites/violin-fix/app/public/wp-content/themes/violin-fix/page-templates/explore-season.php on line 10
[09-Sep-2021 20:38:18 UTC] PHP Stack trace:
[09-Sep-2021 20:38:18 UTC] PHP   1. {main}() /Users/teresaloafman/Local Sites/violin-fix/app/public/index.php:0
[09-Sep-2021 20:38:18 UTC] PHP   2. require() /Users/teresaloafman/Local Sites/violin-fix/app/public/index.php:17
[09-Sep-2021 20:38:18 UTC] PHP   3. require_once() /Users/teresaloafman/Local Sites/violin-fix/app/public/wp-blog-header.php:19
[09-Sep-2021 20:38:18 UTC] PHP   4. include() /Users/teresaloafman/Local Sites/violin-fix/app/public/wp-includes/template-loader.php:106
[09-Sep-2021 20:38:18 UTC] PHP   5. get_header() /Users/teresaloafman/Local Sites/violin-fix/app/public/wp-content/themes/violin-fix/page-templates/explore-season.php:15
[09-Sep-2021 20:38:18 UTC] PHP   6. locate_template() /Users/teresaloafman/Local Sites/violin-fix/app/public/wp-includes/general-template.php:48
[09-Sep-2021 20:38:18 UTC] PHP   7. load_template() /Users/teresaloafman/Local Sites/violin-fix/app/public/wp-includes/template.php:716
[09-Sep-2021 20:38:18 UTC] PHP   8. require_once() /Users/teresaloafman/Local Sites/violin-fix/app/public/wp-includes/template.php:770
[09-Sep-2021 20:38:18 UTC] PHP   9. wp_head() /Users/teresaloafman/Local Sites/violin-fix/app/public/wp-content/themes/violin-fix/header.php:21
[09-Sep-2021 20:38:18 UTC] PHP  10. do_action() /Users/teresaloafman/Local Sites/violin-fix/app/public/wp-includes/general-template.php:3015
[09-Sep-2021 20:38:18 UTC] PHP  11. WP_Hook->do_action() /Users/teresaloafman/Local Sites/violin-fix/app/public/wp-includes/plugin.php:470
[09-Sep-2021 20:38:18 UTC] PHP  12. WP_Hook->apply_filters() /Users/teresaloafman/Local Sites/violin-fix/app/public/wp-includes/class-wp-hook.php:327
[09-Sep-2021 20:38:18 UTC] PHP  13. wp_enqueue_scripts() /Users/teresaloafman/Local Sites/violin-fix/app/public/wp-includes/class-wp-hook.php:303
[09-Sep-2021 20:38:18 UTC] PHP  14. do_action() /Users/teresaloafman/Local Sites/violin-fix/app/public/wp-includes/script-loader.php:2083
[09-Sep-2021 20:38:18 UTC] PHP  15. WP_Hook->do_action() /Users/teresaloafman/Local Sites/violin-fix/app/public/wp-includes/plugin.php:470
[09-Sep-2021 20:38:18 UTC] PHP  16. WP_Hook->apply_filters() /Users/teresaloafman/Local Sites/violin-fix/app/public/wp-includes/class-wp-hook.php:327
[09-Sep-2021 20:38:18 UTC] PHP  17. enqueue_explore_season_scripts() /Users/teresaloafman/Local Sites/violin-fix/app/public/wp-includes/class-wp-hook.php:303
[09-Sep-2021 20:38:35 UTC] PHP Warning:  Use of undefined constant jquery - assumed 'jquery' (this will throw an Error in a future version of PHP) in /Users/teresaloafman/Local Sites/violin-fix/app/public/wp-content/themes/violin-fix/page-templates/explore-season.php on line 10
[09-Sep-2021 20:38:35 UTC] PHP Stack trace:
[09-Sep-2021 20:38:35 UTC] PHP   1. {main}() /Users/teresaloafman/Local Sites/violin-fix/app/public/index.php:0
[09-Sep-2021 20:38:35 UTC] PHP   2. require() /Users/teresaloafman/Local Sites/violin-fix/app/public/index.php:17
[09-Sep-2021 20:38:35 UTC] PHP   3. require_once() /Users/teresaloafman/Local Sites/violin-fix/app/public/wp-blog-header.php:19
[09-Sep-2021 20:38:35 UTC] PHP   4. include() /Users/teresaloafman/Local Sites/violin-fix/app/public/wp-includes/template-loader.php:106
[09-Sep-2021 20:38:35 UTC] PHP   5. get_header() /Users/teresaloafman/Local Sites/violin-fix/app/public/wp-content/themes/violin-fix/page-templates/explore-season.php:15
[09-Sep-2021 20:38:35 UTC] PHP   6. locate_template() /Users/teresaloafman/Local Sites/violin-fix/app/public/wp-includes/general-template.php:48
[09-Sep-2021 20:38:35 UTC] PHP   7. load_template() /Users/teresaloafman/Local Sites/violin-fix/app/public/wp-includes/template.php:716
[09-Sep-2021 20:38:35 UTC] PHP   8. require_once() /Users/teresaloafman/Local Sites/violin-fix/app/public/wp-includes/template.php:770
[09-Sep-2021 20:38:35 UTC] PHP   9. wp_head() /Users/teresaloafman/Local Sites/violin-fix/app/public/wp-content/themes/violin-fix/header.php:21
[09-Sep-2021 20:38:35 UTC] PHP  10. do_action() /Users/teresaloafman/Local Sites/violin-fix/app/public/wp-includes/general-template.php:3015
[09-Sep-2021 20:38:35 UTC] PHP  11. WP_Hook->do_action() /Users/teresaloafman/Local Sites/violin-fix/app/public/wp-includes/plugin.php:470
[09-Sep-2021 20:38:35 UTC] PHP  12. WP_Hook->apply_filters() /Users/teresaloafman/Local Sites/violin-fix/app/public/wp-includes/class-wp-hook.php:327
[09-Sep-2021 20:38:35 UTC] PHP  13. wp_enqueue_scripts() /Users/teresaloafman/Local Sites/violin-fix/app/public/wp-includes/class-wp-hook.php:303
[09-Sep-2021 20:38:35 UTC] PHP  14. do_action() /Users/teresaloafman/Local Sites/violin-fix/app/public/wp-includes/script-loader.php:2083
[09-Sep-2021 20:38:35 UTC] PHP  15. WP_Hook->do_action() /Users/teresaloafman/Local Sites/violin-fix/app/public/wp-includes/plugin.php:470
[09-Sep-2021 20:38:35 UTC] PHP  16. WP_Hook->apply_filters() /Users/teresaloafman/Local Sites/violin-fix/app/public/wp-includes/class-wp-hook.php:327
[09-Sep-2021 20:38:35 UTC] PHP  17. enqueue_explore_season_scripts() /Users/teresaloafman/Local Sites/violin-fix/app/public/wp-includes/class-wp-hook.php:303
[09-Sep-2021 20:38:42 UTC] PHP Warning:  Use of undefined constant jquery - assumed 'jquery' (this will throw an Error in a future version of PHP) in /Users/teresaloafman/Local Sites/violin-fix/app/public/wp-content/themes/violin-fix/page-templates/explore-season.php on line 10
[09-Sep-2021 20:38:42 UTC] PHP Stack trace:
[09-Sep-2021 20:38:42 UTC] PHP   1. {main}() /Users/teresaloafman/Local Sites/violin-fix/app/public/index.php:0
[09-Sep-2021 20:38:42 UTC] PHP   2. require() /Users/teresaloafman/Local Sites/violin-fix/app/public/index.php:17
[09-Sep-2021 20:38:42 UTC] PHP   3. require_once() /Users/teresaloafman/Local Sites/violin-fix/app/public/wp-blog-header.php:19
[09-Sep-2021 20:38:42 UTC] PHP   4. include() /Users/teresaloafman/Local Sites/violin-fix/app/public/wp-includes/template-loader.php:106
[09-Sep-2021 20:38:42 UTC] PHP   5. get_header() /Users/teresaloafman/Local Sites/violin-fix/app/public/wp-content/themes/violin-fix/page-templates/explore-season.php:15
[09-Sep-2021 20:38:42 UTC] PHP   6. locate_template() /Users/teresaloafman/Local Sites/violin-fix/app/public/wp-includes/general-template.php:48
[09-Sep-2021 20:38:42 UTC] PHP   7. load_template() /Users/teresaloafman/Local Sites/violin-fix/app/public/wp-includes/template.php:716
[09-Sep-2021 20:38:42 UTC] PHP   8. require_once() /Users/teresaloafman/Local Sites/violin-fix/app/public/wp-includes/template.php:770
[09-Sep-2021 20:38:42 UTC] PHP   9. wp_head() /Users/teresaloafman/Local Sites/violin-fix/app/public/wp-content/themes/violin-fix/header.php:21
[09-Sep-2021 20:38:42 UTC] PHP  10. do_action() /Users/teresaloafman/Local Sites/violin-fix/app/public/wp-includes/general-template.php:3015
[09-Sep-2021 20:38:42 UTC] PHP  11. WP_Hook->do_action() /Users/teresaloafman/Local Sites/violin-fix/app/public/wp-includes/plugin.php:470
[09-Sep-2021 20:38:42 UTC] PHP  12. WP_Hook->apply_filters() /Users/teresaloafman/Local Sites/violin-fix/app/public/wp-includes/class-wp-hook.php:327
[09-Sep-2021 20:38:42 UTC] PHP  13. wp_enqueue_scripts() /Users/teresaloafman/Local Sites/violin-fix/app/public/wp-includes/class-wp-hook.php:303
[09-Sep-2021 20:38:42 UTC] PHP  14. do_action() /Users/teresaloafman/Local Sites/violin-fix/app/public/wp-includes/script-loader.php:2083
[09-Sep-2021 20:38:42 UTC] PHP  15. WP_Hook->do_action() /Users/teresaloafman/Local Sites/violin-fix/app/public/wp-includes/plugin.php:470
[09-Sep-2021 20:38:42 UTC] PHP  16. WP_Hook->apply_filters() /Users/teresaloafman/Local Sites/violin-fix/app/public/wp-includes/class-wp-hook.php:327
[09-Sep-2021 20:38:42 UTC] PHP  17. enqueue_explore_season_scripts() /Users/teresaloafman/Local Sites/violin-fix/app/public/wp-includes/class-wp-hook.php:303
