[21-Jul-2021 15:37:12] NOTICE: fpm is running, pid 70192
[21-Jul-2021 15:37:12] NOTICE: ready to handle connections
[03-Sep-2021 09:28:53] NOTICE: fpm is running, pid 81872
[03-Sep-2021 09:28:53] NOTICE: ready to handle connections
[03-Sep-2021 09:40:19] NOTICE: Terminating ...
[03-Sep-2021 09:40:19] NOTICE: Terminating ...
[03-Sep-2021 09:40:19] NOTICE: exiting, bye-bye!
[03-Sep-2021 09:40:22] NOTICE: fpm is running, pid 82297
[03-Sep-2021 09:40:22] NOTICE: ready to handle connections
[03-Sep-2021 09:41:24] NOTICE: Terminating ...
[03-Sep-2021 09:41:24] NOTICE: Terminating ...
[03-Sep-2021 09:41:24] NOTICE: exiting, bye-bye!
[03-Sep-2021 09:41:27] NOTICE: fpm is running, pid 82355
[03-Sep-2021 09:41:27] NOTICE: ready to handle connections
[03-Sep-2021 11:20:15] NOTICE: Terminating ...
[03-Sep-2021 11:20:15] NOTICE: Terminating ...
[03-Sep-2021 11:20:15] NOTICE: exiting, bye-bye!
[03-Sep-2021 11:50:31] NOTICE: fpm is running, pid 93760
[03-Sep-2021 11:50:31] NOTICE: ready to handle connections
[03-Sep-2021 12:55:08] NOTICE: Terminating ...
[03-Sep-2021 12:55:08] NOTICE: Terminating ...
[03-Sep-2021 12:55:08] NOTICE: exiting, bye-bye!
[07-Sep-2021 13:20:22] NOTICE: fpm is running, pid 24984
[07-Sep-2021 13:20:22] NOTICE: ready to handle connections
[07-Sep-2021 13:58:58] NOTICE: Terminating ...
[07-Sep-2021 13:58:58] NOTICE: Terminating ...
[07-Sep-2021 13:58:58] NOTICE: exiting, bye-bye!
[08-Sep-2021 11:07:15] NOTICE: fpm is running, pid 39730
[08-Sep-2021 11:07:15] NOTICE: ready to handle connections
